<?xml version="1.0" encoding="UTF-8"?>
<testsuite xmlns:xsi="http://www.w3.org/2001/XMLSchema-instance" xsi:noNamespaceSchemaLocation="https://maven.apache.org/surefire/maven-surefire-plugin/xsd/surefire-test-report.xsd" name="com.mutualidad.afiliado.domain.model.DNITest" time="0.105" tests="10" errors="0" skipped="0" failures="0">
  <properties>
[...]
</properties>
  <testcase name="dosIgualesDebenSerEquals" classname="com.mutualidad.afiliado.domain.model.DNITest" time="0.049"/>
  <testcase name="debeRechazarLetraIncorrecta" classname="com.mutualidad.afiliado.domain.model.DNITest" time="0.006"/>
  <testcase name="debeNormalizarMinusculas" classname="com.mutualidad.afiliado.domain.model.DNITest" time="0"/>
  <testcase name="debeCalcularLetra" classname="com.mutualidad.afiliado.domain.model.DNITest" time="0.01"/>
  <testcase name="debeRechazarFormatoInvalido" classname="com.mutualidad.afiliado.domain.model.DNITest" time="0.001"/>
  <testcase name="debeCrearDniValido" classname="com.mutualidad.afiliado.domain.model.DNITest" time="0"/>
  <testcase name="debeAceptarDnisValidos{String}[1]" classname="com.mutualidad.afiliado.domain.model.DNITest" time="0.016"/>
  <testcase name="debeAceptarDnisValidos{String}[2]" classname="com.mutualidad.afiliado.domain.model.DNITest" time="0"/>
  <testcase name="debeAceptarDnisValidos{String}[3]" classname="com.mutualidad.afiliado.domain.model.DNITest" time="0.002"/>
  <testcase name="debeAceptarDnisValidos{String}[4]" classname="com.mutualidad.afiliado.domain.model.DNITest" time="0.001"/>
</testsuite>